<?xml version="1.0" encoding="UTF-8"?>
<!-- Generated by org.testng.reporters.JUnitReportReporter -->
<testsuite hostname="Abhresh" name="Testing.IDE_Export" tests="1" failures="0" timestamp="14 Aug 2018 10:36:15 GMT" time="15.504" errors="0">
  <testcase name="testIDEExport" time="15.504" classname="Testing.IDE_Export"/>
</testsuite> <!-- Testing.IDE_Export -->
