<?xml version="1.0" encoding="UTF-8"?>
<!-- Generated by org.testng.reporters.JUnitReportReporter -->
<testsuite hostname="Abhresh" name="Testing.Scenario" tests="3" failures="0" timestamp="13 Sep 2018 09:09:27 GMT" time="91.801" errors="0">
  <testcase name="openApp" time="9.346" classname="Testing.Scenario"/>
  <testcase name="Login" time="75.679" classname="Testing.Scenario"/>
  <testcase name="Logout" time="6.776" classname="Testing.Scenario"/>
</testsuite> <!-- Testing.Scenario -->
