<?xml version="1.0" encoding="UTF-8"?>
<!-- Generated by org.testng.reporters.JUnitReportReporter -->
<testsuite hostname="Abhresh" name="Testing.Scenario" tests="3" failures="0" timestamp="13 Sep 2018 09:49:39 GMT" time="115.290" errors="0">
  <testcase name="Login" time="97.073" classname="Testing.Scenario"/>
  <testcase name="openApp" time="11.081" classname="Testing.Scenario"/>
  <testcase name="Logout" time="7.136" classname="Testing.Scenario"/>
</testsuite> <!-- Testing.Scenario -->
